<?xml version="1.0" encoding="UTF-8"?>
<testng-results ignored="0" total="10" passed="10" failed="0" skipped="0">
  <reporter-output>
  </reporter-output>
  <suite started-at="2019-07-25T06:44:44Z" name="Command line suite" finished-at="2019-07-25T06:44:50Z" duration-ms="5691">
    <groups>
    </groups>
    <test started-at="2019-07-25T06:44:44Z" name="Command line test" finished-at="2019-07-25T06:44:50Z" duration-ms="5691">
      <class name="model.massiveAstronomicalObject.StarTest">
        <test-method signature="testGetTemperature()[pri:0, instance:model.massiveAstronomicalObject.StarTest@498d318c]" started-at="2019-07-25T06:44:50Z" name="testGetTemperature" finished-at="2019-07-25T06:44:50Z" duration-ms="1" status="PASS">
          <reporter-output>
          </reporter-output>
        </test-method> <!-- testGetTemperature -->
      </class> <!-- model.massiveAstronomicalObject.StarTest -->
      <class name="model.orbit.OrbitTest">
        <test-method signature="testAccelerationGravity()[pri:0, instance:model.orbit.OrbitTest@479d31f3]" started-at="2019-07-25T06:44:50Z" name="testAccelerationGravity" finished-at="2019-07-25T06:44:50Z" duration-ms="0" status="PASS">
          <reporter-output>
          </reporter-output>
        </test-method> <!-- testAccelerationGravity -->
      </class> <!-- model.orbit.OrbitTest -->
      <class name="dao.DaoOrbitTest">
        <test-method signature="testCreate()[pri:0, instance:dao.DaoOrbitTest@333291e3]" started-at="2019-07-25T06:44:44Z" name="testCreate" finished-at="2019-07-25T06:44:50Z" duration-ms="5449" status="PASS">
          <reporter-output>
          </reporter-output>
        </test-method> <!-- testCreate -->
        <test-method signature="testUpdate()[pri:0, instance:dao.DaoOrbitTest@333291e3]" started-at="2019-07-25T06:44:50Z" name="testUpdate" finished-at="2019-07-25T06:44:50Z" duration-ms="62" status="PASS">
          <reporter-output>
          </reporter-output>
        </test-method> <!-- testUpdate -->
      </class> <!-- dao.DaoOrbitTest -->
      <class name="model.GalaxyTest">
        <test-method signature="s()[pri:0, instance:model.GalaxyTest@40ef3420]" started-at="2019-07-25T06:44:50Z" name="s" finished-at="2019-07-25T06:44:50Z" duration-ms="90" status="PASS">
          <reporter-output>
          </reporter-output>
        </test-method> <!-- s -->
        <test-method signature="testGetWay()[pri:0, instance:model.GalaxyTest@40ef3420]" started-at="2019-07-25T06:44:50Z" name="testGetWay" finished-at="2019-07-25T06:44:50Z" duration-ms="0" status="PASS">
          <reporter-output>
          </reporter-output>
        </test-method> <!-- testGetWay -->
        <test-method signature="testPlanetOnTheOrbit()[pri:0, instance:model.GalaxyTest@40ef3420]" started-at="2019-07-25T06:44:50Z" name="testPlanetOnTheOrbit" finished-at="2019-07-25T06:44:50Z" duration-ms="0" status="PASS">
          <reporter-output>
          </reporter-output>
        </test-method> <!-- testPlanetOnTheOrbit -->
        <test-method signature="testPlanetFlewAway()[pri:0, instance:model.GalaxyTest@40ef3420]" started-at="2019-07-25T06:44:50Z" name="testPlanetFlewAway" finished-at="2019-07-25T06:44:50Z" duration-ms="0" status="PASS">
          <reporter-output>
          </reporter-output>
        </test-method> <!-- testPlanetFlewAway -->
        <test-method signature="testSave()[pri:0, instance:model.GalaxyTest@40ef3420]" started-at="2019-07-25T06:44:50Z" name="testSave" finished-at="2019-07-25T06:44:50Z" duration-ms="44" status="PASS">
          <reporter-output>
          </reporter-output>
        </test-method> <!-- testSave -->
        <test-method signature="testToBumpInto()[pri:0, instance:model.GalaxyTest@40ef3420]" started-at="2019-07-25T06:44:50Z" name="testToBumpInto" finished-at="2019-07-25T06:44:50Z" duration-ms="1" status="PASS">
          <reporter-output>
          </reporter-output>
        </test-method> <!-- testToBumpInto -->
      </class> <!-- model.GalaxyTest -->
    </test> <!-- Command line test -->
  </suite> <!-- Command line suite -->
</testng-results>
