<?xml version="1.0" encoding="UTF-8" ?>
<testsuite tests="10" failures="0" name="TestSuite" time="5.645" errors="0" skipped="0">
  <properties>
[...]
</properties>
  <testcase classname="dao.DaoOrbitTest" name="testCreate" time="5.45"/>
  <testcase classname="dao.DaoOrbitTest" name="testUpdate" time="0.059"/>
  <testcase classname="model.orbit.OrbitTest" name="testAccelerationGravity" time="0"/>
  <testcase classname="model.GalaxyTest" name="s" time="0.09"/>
  <testcase classname="model.GalaxyTest" name="testGetWay" time="0"/>
  <testcase classname="model.GalaxyTest" name="testPlanetFlewAway" time="0"/>
  <testcase classname="model.GalaxyTest" name="testPlanetOnTheOrbit" time="0.001"/>
  <testcase classname="model.GalaxyTest" name="testSave" time="0.044"/>
  <testcase classname="model.GalaxyTest" name="testToBumpInto" time="0"/>
  <testcase classname="model.massiveAstronomicalObject.StarTest" name="testGetTemperature" time="0.001"/>
</testsuite>