<?xml version="1.0" encoding="UTF-8"?>
<!-- Generated by org.testng.reporters.JUnitXMLReporter -->
<testsuite ignored="0" hostname="Vladimirs-MacBook-Air.local" failures="0" tests="10" name="Command line test" time="5.691" errors="0" timestamp="25 июл. 2019 06:44:50 GMT">
  <testcase classname="dao.DaoOrbitTest" name="testCreate" time="5.449"/>
  <testcase classname="dao.DaoOrbitTest" name="testUpdate" time="0.062"/>
  <testcase classname="model.orbit.OrbitTest" name="testAccelerationGravity" time="0.0"/>
  <testcase classname="model.GalaxyTest" name="s" time="0.09"/>
  <testcase classname="model.GalaxyTest" name="testGetWay" time="0.0"/>
  <testcase classname="model.GalaxyTest" name="testPlanetFlewAway" time="0.0"/>
  <testcase classname="model.GalaxyTest" name="testPlanetOnTheOrbit" time="0.0"/>
  <testcase classname="model.GalaxyTest" name="testSave" time="0.044"/>
  <testcase classname="model.GalaxyTest" name="testToBumpInto" time="0.001"/>
  <testcase classname="model.massiveAstronomicalObject.StarTest" name="testGetTemperature" time="0.001"/>
</testsuite> <!-- Command line test -->
